<?xml version="1.0" encoding="UTF-8"?>
<!-- Generated by org.testng.reporters.JUnitReportReporter -->
<testsuite skipped="0" hostname="Nanthas-MacBook-Pro.local" name="com.main.login_page.Login" tests="4" failures="0" timestamp="10 Dec 2018 16:14:12 GMT" time="2.692" errors="0">
  <testcase name="invalid_credentials" time="0.982" classname="com.main.login_page.Login"/>
  <testcase name="Valid_credentials" time="0.862" classname="com.main.login_page.Login"/>
  <testcase name="dashBoard" time="0.112" classname="com.main.login_page.Login"/>
  <testcase name="logout" time="0.736" classname="com.main.login_page.Login"/>
</testsuite> <!-- com.main.login_page.Login -->
