<?xml version="1.0" encoding="UTF-8"?>
<!-- Generated by org.testng.reporters.JUnitReportReporter -->
<testsuite skipped="0" hostname="Nanthas-MacBook-Pro.local" name="login_page.Login" tests="4" failures="0" timestamp="11 Dec 2018 05:09:30 GMT" time="2.906" errors="0">
  <testcase name="invalid_credentials" time="1.023" classname="login_page.Login"/>
  <testcase name="Valid_credentials" time="1.027" classname="login_page.Login"/>
  <testcase name="dashBoard" time="0.105" classname="login_page.Login"/>
  <testcase name="logout" time="0.751" classname="login_page.Login"/>
</testsuite> <!-- login_page.Login -->
